ChartsDemo/hellocharts-samples/build/intermediates/manifest_merge_blame_file/debug/manifest-merger-blame-debug-report.txt
1<?xml version="1.0" encoding="utf-8"?>
2<manifest xmlns:android="http://schemas.android.com/apk/res/android"
3    package="lecho.lib.hellocharts.samples"
4    android:versionCode="1"
5    android:versionName="1.0" >
6
7    <uses-sdk
7-->src\main\AndroidManifest.xml:7:5-9:41
8        android:minSdkVersion="16"
8-->src\main\AndroidManifest.xml:8:9-34
9        android:targetSdkVersion="30" />
9-->src\main\AndroidManifest.xml:9:9-38
10
11    <application
11-->src\main\AndroidManifest.xml:11:5-77:19
12        android:allowBackup="true"
12-->src\main\AndroidManifest.xml:12:9-35
13        android:appComponentFactory="androidx.core.app.CoreComponentFactory"
13-->[androidx.core:core:1.1.0] AndroidManifest.xml:24:18-86
14        android:debuggable="true"
15        android:icon="@drawable/ic_launcher"
15-->src\main\AndroidManifest.xml:13:9-45
16        android:label="@string/app_name"
16-->src\main\AndroidManifest.xml:14:9-41
17        android:testOnly="true"
18        android:theme="@style/AppTheme" >
18-->src\main\AndroidManifest.xml:15:9-40
19        <activity
19-->src\main\AndroidManifest.xml:16:9-24:20
20            android:name="lecho.lib.hellocharts.samples.MainActivity"
20-->src\main\AndroidManifest.xml:17:13-41
21            android:label="@string/app_name" >
21-->src\main\AndroidManifest.xml:18:13-45
22            <intent-filter>
22-->src\main\AndroidManifest.xml:19:13-23:29
23                <action android:name="android.intent.action.MAIN" />
23-->src\main\AndroidManifest.xml:20:17-69
23-->src\main\AndroidManifest.xml:20:25-66
24
25                <category android:name="android.intent.category.LAUNCHER" />
25-->src\main\AndroidManifest.xml:22:17-77
25-->src\main\AndroidManifest.xml:22:27-74
26            </intent-filter>
27        </activity>
28        <activity
28-->src\main\AndroidManifest.xml:25:9-28:20
29            android:name="lecho.lib.hellocharts.samples.LineChartActivity"
29-->src\main\AndroidManifest.xml:26:13-46
30            android:label="@string/title_activity_line_chart" >
30-->src\main\AndroidManifest.xml:27:13-62
31        </activity>
32        <activity
32-->src\main\AndroidManifest.xml:29:9-32:20
33            android:name="lecho.lib.hellocharts.samples.ColumnChartActivity"
33-->src\main\AndroidManifest.xml:30:13-48
34            android:label="@string/title_activity_column_chart" >
34-->src\main\AndroidManifest.xml:31:13-64
35        </activity>
36        <activity
36-->src\main\AndroidManifest.xml:33:9-36:20
37            android:name="lecho.lib.hellocharts.samples.PieChartActivity"
37-->src\main\AndroidManifest.xml:34:13-45
38            android:label="@string/title_activity_pie_chart" >
38-->src\main\AndroidManifest.xml:35:13-61
39        </activity>
40        <activity
40-->src\main\AndroidManifest.xml:37:9-40:20
41            android:name="lecho.lib.hellocharts.samples.BubbleChartActivity"
41-->src\main\AndroidManifest.xml:38:13-48
42            android:label="@string/title_activity_bubble_chart" >
42-->src\main\AndroidManifest.xml:39:13-64
43        </activity>
44        <activity
44-->src\main\AndroidManifest.xml:41:9-44:20
45            android:name="lecho.lib.hellocharts.samples.PreviewLineChartActivity"
45-->src\main\AndroidManifest.xml:42:13-53
46            android:label="@string/title_activity_preview_line_chart" >
46-->src\main\AndroidManifest.xml:43:13-70
47        </activity>
48        <activity
48-->src\main\AndroidManifest.xml:45:9-48:20
49            android:name="lecho.lib.hellocharts.samples.PreviewColumnChartActivity"
49-->src\main\AndroidManifest.xml:46:13-55
50            android:label="@string/title_activity_preview_column_chart" >
50-->src\main\AndroidManifest.xml:47:13-72
51        </activity>
52        <activity
52-->src\main\AndroidManifest.xml:49:9-52:20
53            android:name="lecho.lib.hellocharts.samples.ComboLineColumnChartActivity"
53-->src\main\AndroidManifest.xml:50:13-57
54            android:label="@string/title_activity_combo_line_column_chart" >
54-->src\main\AndroidManifest.xml:51:13-75
55        </activity>
56        <activity
56-->src\main\AndroidManifest.xml:53:9-56:20
57            android:name="lecho.lib.hellocharts.samples.LineColumnDependencyActivity"
57-->src\main\AndroidManifest.xml:54:13-57
58            android:label="@string/title_activity_line_column_dependency" >
58-->src\main\AndroidManifest.xml:55:13-74
59        </activity>
60        <activity
60-->src\main\AndroidManifest.xml:57:9-60:20
61            android:name="lecho.lib.hellocharts.samples.GoodBadChartActivity"
61-->src\main\AndroidManifest.xml:58:13-49
62            android:label="@string/title_activity_good_bad" >
62-->src\main\AndroidManifest.xml:59:13-60
63        </activity>
64        <activity
64-->src\main\AndroidManifest.xml:61:9-64:20
65            android:name="lecho.lib.hellocharts.samples.TempoChartActivity"
65-->src\main\AndroidManifest.xml:62:13-47
66            android:label="@string/title_activity_tempo_chart" >
66-->src\main\AndroidManifest.xml:63:13-63
67        </activity>
68        <activity
68-->src\main\AndroidManifest.xml:65:9-68:20
69            android:name="lecho.lib.hellocharts.samples.SpeedChartActivity"
69-->src\main\AndroidManifest.xml:66:13-47
70            android:label="@string/title_activity_speed_chart" >
70-->src\main\AndroidManifest.xml:67:13-63
71        </activity>
72        <activity
72-->src\main\AndroidManifest.xml:69:9-72:20
73            android:name="lecho.lib.hellocharts.samples.ViewPagerChartsActivity"
73-->src\main\AndroidManifest.xml:70:13-52
74            android:label="@string/title_activity_view_pager_charts" >
74-->src\main\AndroidManifest.xml:71:13-69
75        </activity>
76        <activity
76-->src\main\AndroidManifest.xml:73:9-76:20
77            android:name="lecho.lib.hellocharts.samples.AboutActivity"
77-->src\main\AndroidManifest.xml:74:13-42
78            android:label="@string/title_activity_about" >
78-->src\main\AndroidManifest.xml:75:13-57
79        </activity>
80    </application>
81
82</manifest>